50 50 1 1
10111011101110111011101110111011101110111011101110
10101010101010101010101010101010101010101010101010
10101010101010101010101010101010101010101010101010
10101010101010101010101010101010101010101010101010
10101010101010101010101010101010101010101010101010
10101010101010101010101010101010101010101010101010
10101010101010101010101010101010101010101010101010
10101010101010101010101010101010101010101010101010
10101010101010101010101010101010101010101010101010
10101010101010101010101010101010101010101010101010
10101010101010101010101010101010101010101010101010
10101010101010101010101010101010101010101010101010
10101010101010101010101010101010101010101010101010
10101010101010101010101010101010101010101010101010
10101010101010101010101010101010101010101010101010
10101010101010101010101010101010101010101010101010
10101010101010101010101010101010101010101010101010
10101010101010101010101010101010101010101010101010
10101010101010101010101010101010101010101010101010
10101010101010101010101010101010101010101010101010
10101010101010101010101010101010101010101010101010
10101010101010101010101010101010101010101010101010
10101010101010101010101010101010101010101010101010
10101010101010101010101010101010101010101010101010
10101010101010101010101010101010101010101010101010
10101010101010101010101010101010101010101010101010
10101010101010101010101010101010101010101010101010
10101010101010101010101010101010101010101010101010
10101010101010101010101010101010101010101010101010
10101010101010101010101010101010101010101010101010
10101010101010101010101010101010101010101010101010
10101010101010101010101010101010101010101010101010
10101010101010101010101010101010101010101010101010
10101010101010101010101010101010101010101010101010
10101010101010101010101010101010101010101010101010
10101010101010101010101010101010101010101010101010
10101010101010101010101010101010101010101010101010
10101010101010101010101010101010101010101010101010
10101010101010101010101010101010101010101010101010
10101010101010101010101010101010101010101010101010
10101010101010101010101010101010101010101010101010
10101010101010101010101010101010101010101010101010
10101010101010101010101010101010101010101010101010
10101010101010101010101010101010101010101010101010
10101010101010101010101010101010101010101010101010
10101010101010101010101010101010101010101010101010
10101010101010101010101010101010101010101010101010
10101010101010101010101010101010101010101010101010
10101010101010101010101010101010101010101010101010
11101110111011101110111011101110111011101110111011