50 50 1 1
00000000000000000000000000000000000000000000000000
01000000000000000000000000000000000000000000000000
00000000000000000000000000000000000000000000000000
00011100000000000000000000000000000000000000000000
00010000000000000000000000000000000000000000000000
00010111110000000000000000000000000000000000000000
00000100000000000000000000000000000000000000000000
00000101111111000000000000000000000000000000000000
00000101000000000000000000000000000000000000000000
00000101011111111100000000000000000000000000000000
00000001010000000000000000000000000000000000000000
00000001010111111111110000000000000000000000000000
00000001010100000000000000000000000000000000000000
00000001010101111111111111000000000000000000000000
00000000010101000000000000000000000000000000000000
00000000010101011111111111111100000000000000000000
00000000010101010000000000000000000000000000000000
00000000010101010111111111111111110000000000000000
00000000000101010100000000000000000000000000000000
00000000000101010101111111111111111111000000000000
00000000000101010101000000000000000000000000000000
00000000000101010101011111111111111111111100000000
00000000000001010101010000000000000000000000000000
00000000000001010101010111111111111111111111110000
00000000000001010101010100000000000000000000000000
00000000000001010101010101111111111111111111111111
00000000000000010101010101000000000000000000000000
00000000000000010101010101011111111111111111111111
00000000000000010101010101010000000000000000000000
00000000000000010101010101010111111111111111111111
00000000000000000101010101010100000000000000000000
00000000000000000101010101010101111111111111111111
00000000000000000101010101010101000000000000000000
00000000000000000101010101010101011111111111111111
00000000000000000001010101010101010000000000000000
00000000000000000001010101010101010111111111111111
00000000000000000001010101010101010100000000000000
00000000000000000001010101010101010101111111111111
00000000000000000000010101010101010101000000000000
00000000000000000000010101010101010101011111111111
00000000000000000000010101010101010101010000000000
00000000000000000000010101010101010101010111111111
00000000000000000000000101010101010101010100000000
00000000000000000000000101010101010101010101111111
00000000000000000000000101010101010101010101000000
00000000000000000000000101010101010101010101011111
00000000000000000000000001010101010101010101010000
00000000000000000000000001010101010101010101010111
00000000000000000000000001010101010101010101010100
00000000000000000000000001010101010101010101010101
