5
17
22
40
67
81
85
102
128
130
140
193
197
214
240
242
252
306
316
371
388
413
468
483
498
508
562
572
627
644
669
732
788
813
884
909
989
1046
1072
1074
1084
1138
1148
1203
1220
1245
1308
1364
1389
1460
1485
1565
1631
1704
1751
1789
1868
1940
1965
2044
2121
2184
2244
2279
2314
2352
2354
2364
2418
2428
2483
2500
2525
2588
2644
2669
2740
2765
2845
2911
2984
3031
3069
3148
3220
3245
3324
3401
3464
3524
3559
3599
3668
3693
3764
3789
3869
3944
3993
4052
4084
4111
4213
4256
4263
4308
4333
4412
4489
4552
4612
4647
4697
4760
4820
4855
4910
5020
5121
5125
5142
5168
5170
5180
5234
5244
5299
5316
5341
5404
5460
5485
5556
5581
5661
5727
5800
5847
5885
5964
6036
6061
6140
6217
6280
6340
6375
6415
6484
6509
6580
6605
6685
6760
6809
6868
6900
6927
7029
7072
7079
7124
7149
7228
7305
7368
7428
7463
7513
7576
7636
7671
7726
7836
7938
7948
8003
8020
8045
8116
8141
8221
8296
8345
8404
8436
8463
8565
8608
8615
8660
8685
8764
8841
8904
8964
8999
9049
9112
9172
9207
9262
9372
9475
9492
9517
9596
9673
9736
9796
9831
9881
9944
10004
10039
10094
10204
10308
10335
10437
10480
10487
10542
10652
10757
10796
10892
10998
11052
11160
11243
11289
11324
11378
11388
11443
11460
11485
11548
11604
11629
11700
11725
11805
11871
11944
11991
12029
12108
12180
12205
12284
12361
12424
12484
12519
12559
12628
12653
12724
12749
12829
12904
12953
13012
13044
13071
13173
13216
13223
13268
13293
13372
13449
13512
13572
13607
13657
13720
13780
13815
13870
13980
14082
14092
14147
14164
14189
14260
14285
14365
14440
14489
14548
14580
14607
14709
14752
14759
14804
14829
14908
14985
15048
15108
15143
15193
15256
15316
15351
15406
15516
15619
15636
15661
15740
15817
15880
15940
15975
16025
16088
16148
16183
16238
16348
16452
16479
16581
16624
16631
16686
16796
16901
16940
17036
17142
17196
17304
17387
17443
17461
17488
17492
17517
17588
17613
17693
17768
17817
17876
17908
17935
18037
18080
18087
18132
18157
18236
18313
18376
18436
18471
18521
18584
18644
18679
18734
18844
18947
18964
18989
19068
19145
19208
19268
19303
19353
19416
19476
19511
19566
19676
19780
19807
19909
19952
19959
20014
20124
20229
20268
20364
20470
20524
20632
20715
20781
20860
20937
21000
21060
21095
21145
21208
21268
21303
21358
21468
21572
21599
21701
21744
21751
21806
21916
22021
22060
22156
22262
22316
22424
22507
22583
22635
22719
22831
22957
23056
23063
23123
23155
23188
23229
23344
23351
23420
23525
23568
23575
23635
23667
23700
23741
23856
23863
23932
24043
24143
24287
24433
24452
24501
24564
24584
24611
24626
24636
24690
24700
24755
24772
24797
24860
24916
24941
25012
25037
25117
25183
25256
25303
25341
25420
25492
25517
25596
25673
25736
25796
25831
25871
25940
25965
26036
26061
26141
26216
26265
26324
26356
26383
26485
26528
26535
26580
26605
26684
26761
26824
26884
26919
26969
27032
27092
27127
27182
27292
27394
27404
27459
27476
27501
27572
27597
27677
27752
27801
27860
27892
27919
28021
28064
28071
28116
28141
28220
28297
28360
28420
28455
28505
28568
28628
28663
28718
28828
28931
28948
28973
29052
29129
29192
29252
29287
29337
29400
29460
29495
29550
29660
29764
29791
29893
29936
29943
29998
30108
30213
30252
30348
30454
30508
30616
30699
30755
30773
30800
30804
30829
30900
30925
31005
31080
31129
31188
31220
31247
31349
31392
31399
31444
31469
31548
31625
31688
31748
31783
31833
31896
31956
31991
32046
32156
32259
32276
32301
32380
32457
32520
32580
32615
32665
32728
32788
32823
32878
32988
33092
33119
33221
33264
33271
33326
33436
33541
33580
33676
33782
33836
33944
34027
34093
34172
34249
34312
34372
34407
34457
34520
34580
34615
34670
34780
34884
34911
35013
35056
35063
35118
35228
35333
35372
35468
35574
35628
35736
35819
35895
35947
36031
36143
36269
36368
36375
36435
36467
36500
36541
36656
36663
36732
36837
36880
36887
36947
36979
37012
37053
37168
37175
37244
37355
37455
37599
37745
37764
37813
37876
37900
37955
37972
37997
38068
38093
38173
38248
38297
38356
38388
38415
38517
38560
38567
38612
38637
38716
38793
38856
38916
38951
39001
39064
39124
39159
39214
39324
39427
39444
39469
39548
39625
39688
39748
39783
39833
39896
39956
39991
40046
40156
40260
40287
40389
40432
40439
40494
40604
40709
40748
40844
40950
41004
41112
41195
41261
41340
41417
41480
41540
41575
41625
41688
41748
41783
41838
41948
42052
42079
42181
42224
42231
42286
42396
42501
42540
42636
42742
42796
42904
42987
43063
43115
43199
43311
43437
43536
43543
43603
43635
43668
43709
43824
43831
43900
44005
44048
44055
44115
44147
44180
44221
44336
44343
44412
44523
44623
44767
44913
44932
44981
45044
45072
45076
45101
45180
45257
45320
45380
45415
45465
45528
45588
45623
45678
45788
45892
45919
46021
46064
46071
46126
46236
46341
46380
46476
46582
46636
46744
46827
46903
46955
47039
47151
47277
47376
47383
47443
47475
47508
47549
47664
47671
47740
47845
47888
47895
47955
47987
48020
48061
48176
48183
48252
48363
48463
48607
48753
48772
48821
48884
48916
48945
48957
49050
49128
49191
49251
49283
49316
49355
49439
49565
49676
49788
49893
49936
49943
50003
50035
50068
50109
50224
50231
50300
50411
50511
50655
50801
50820
50869
50932
50968
51031
51091
51123
51156
51197
51312
51319
51388
51499
51599
51743
51889
51908
51957
52020
52060
52167
52236
52353
52372
52417
52437
52493
52631
52702
52847
53007
53177
53256
53283
53298
53308
53362
53372
53427
53444
53469
53532
53588
53613
53684
53709
53789
53855
53928
53975
54013
54092
54164
54189
54268
54345
54408
54468
54503
54543
54612
54637
54708
54733
54813
54888
54937
54996
55028
55055
55157
55200
55207
55252
55277
55356
55433
55496
55556
55591
55641
55704
55764
55799
55854
55964
56066
56076
56131
56148
56173
56244
56269
56349
56424
56473
56532
56564
56591
56693
56736
56743
56788
56813
56892
56969
57032
57092
57127
57177
57240
57300
57335
57390
57500
57603
57620
57645
57724
57801
57864
57924
57959
58009
58072
58132
58167
58222
58332
58436
58463
58565
58608
58615
58670
58780
58885
58924
59020
59126
59180
59288
59371
59427
59445
59472
59476
59501
59572
59597
59677
59752
59801
59860
59892
59919
60021
60064
60071
60116
60141
60220
60297
60360
60420
60455
60505
60568
60628
60663
60718
60828
60931
60948
60973
61052
61129
61192
61252
61287
61337
61400
61460
61495
61550
61660
61764
61791
61893
61936
61943
61998
62108
62213
62252
62348
62454
62508
62616
62699
62765
62844
62921
62984
63044
63079
63129
63192
63252
63287
63342
63452
63556
63583
63685
63728
63735
63790
63900
64005
64044
64140
64246
64300
64408
64491
64567
64619
64703
64815
64941
65040
65047
65107
65139
65172
65213
65328
65335
65404
65509
65552
65559
65619
65651
65684
65725
65840
65847
65916
66027
66127
66271
66417
66436
66485
66548
66572
66627
66644
66669
66740
66765
66845
66920
66969
67028
67060
67087
67189
67232
67239
67284
67309
67388
67465
67528
67588
67623
67673
67736
67796
67831
67886
67996
68099
68116
68141
68220
68297
68360
68420
68455
68505
68568
68628
68663
68718
68828
68932
68959
69061
69104
69111
69166
69276
69381
69420
69516
69622
69676
69784
69867
69933
70012
70089
70152
70212
70247
70297
70360
70420
70455
70510
70620
70724
70751
70853
70896
70903
70958
71068
71173
71212
71308
71414
71468
71576
71659
71735
71787
71871
71983
72109
72208
72215
72275
72307
72340
72381
72496
72503
72572
72677
72720
72727
72787
72819
72852
72893
73008
73015
73084
73195
73295
73439
73585
73604
73653
73716
73744
73748
73773
73852
73929
73992
74052
74087
74137
74200
74260
74295
74350
74460
74564
74591
74693
74736
74743
74798
74908
75013
75052
75148
75254
75308
75416
75499
75575
75627
75711
75823
75949
76048
76055
76115
76147
76180
76221
76336
76343
76412
76517
76560
76567
76627
76659
76692
76733
76848
76855
76924
77035
77135
77279
77425
77444
77493
77556
77588
77617
77629
77722
77800
77863
77923
77955
77988
78027
78111
78237
78348
78460
78565
78608
78615
78675
78707
78740
78781
78896
78903
78972
79083
79183
79327
79473
79492
79541
79604
79640
79703
79763
79795
79828
79869
79984
79991
80060
80171
80271
80415
80561
80580
80629
80692
80732
80839
80908
81025
81044
81089
81109
81165
81303
81374
81519
81679
81849
81932
81987
82004
82029
82100
82125
82205
82280
82329
82388
82420
82447
82549
82592
82599
82644
82669
82748
82825
82888
82948
82983
83033
83096
83156
83191
83246
83356
83459
83476
83501
83580
83657
83720
83780
83815
83865
83928
83988
84023
84078
84188
84292
84319
84421
84464
84471
84526
84636
84741
84780
84876
84982
85036
85144
85227
85293
85372
85449
85512
85572
85607
85657
85720
85780
85815
85870
85980
86084
86111
86213
86256
86263
86318
86428
86533
86572
86668
86774
86828
86936
87019
87095
87147
87231
87343
87469
87568
87575
87635
87667
87700
87741
87856
87863
87932
88037
88080
88087
88147
88179
88212
88253
88368
88375
88444
88555
88655
88799
88945
88964
89013
89076
89104
89108
89133
89212
89289
89352
89412
89447
89497
89560
89620
89655
89710
89820
89924
89951
90053
90096
90103
90158
90268
90373
90412
90508
90614
90668
90776
90859
90935
90987
91071
91183
91309
91408
91415
91475
91507
91540
91581
91696
91703
91772
91877
91920
91927
91987
92019
92052
92093
92208
92215
92284
92395
92495
92639
92785
92804
92853
92916
92948
92977
92989
93082
93160
93223
93283
93315
93348
93387
93471
93597
93708
93820
93925
93968
93975
94035
94067
94100
94141
94256
94263
94332
94443
94543
94687
94833
94852
94901
94964
95000
95063
95123
95155
95188
95229
95344
95351
95420
95531
95631
95775
95921
95940
95989
96052
96092
96199
96268
96385
96404
96449
96469
96525
96663
96734
96879
97039
97209
97296
97300
97325
97404
97481
97544
97604
97639
97689
97752
97812
97847
97902
98012
98116
98143
98245
98288
98295
98350
98460
98565
98604
98700
98806
98860
98968
99051
99127
99179
99263
99375
99501
99600
99607
99667
99699
99732
99773
99888
99895
99964
100069
100112
100119
100179
100211
100244
100285
100400
100407
100476
100587
100687
100831
100977
100996
101045
101108
101140
101169
101181
101274
101352
101415
101475
101507
101540
101579
101663
101789
101900
102012
102117
102160
102167
102227
102259
102292
102333
102448
102455
102524
102635
102735
102879
103025
103044
103093
103156
103192
103255
103315
103347
103380
103421
103536
103543
103612
103723
103823
103967
104113
104132
104181
104244
104284
104391
104460
104577
104596
104641
104661
104717
104855
104926
105071
105231
105401
105492
105521
105533
105626
105704
105767
105827
105859
105892
105931
106015
106141
106252
106364
106469
106512
106519
106579
106611
106644
106685
106800
106807
106876
106987
107087
107231
107377
107396
107445
107508
107544
107607
107667
107699
107732
107773
107888
107895
107964
108075
108175
108319
108465
108484
108533
108596
108636
108743
108812
108929
108948
108993
109013
109069
109207
109278
109423
109583
109753
109848
109911
109971
110003
110036
110077
110192
110199
110268
110379
110479
110623
110769
110788
110837
110900
110940
111047
111116
111233
111252
111297
111317
111373
111511
111582
111727
111887
112057
112156
112263
112332
112449
112468
112513
112533
112589
112727
112798
112943
113103
113273
113376
113384
113467
113583
113743
113913
114020
114069
114132
114184
114283
114414
114588
114698
114736
114738
114748
114802
114812
114867
114884
114909
114972
115028
115053
115124
115149
115229
115295
115368
115415
115453
115532
115604
115629
115708
115785
115848
115908
115943
115983
116052
116077
116148
116173
116253
116328
116377
116436
116468
116495
116597
116640
116647
116692
116717
116796
116873
116936
116996
117031
117081
117144
117204
117239
117294
117404
117506
117516
117571
117588
117613
117684
117709
117789
117864
117913
117972
118004
118031
118133
118176
118183
118228
118253
118332
118409
118472
118532
118567
118617
118680
118740
118775
118830
118940
119043
119060
119085
119164
119241
119304
119364
119399
119449
119512
119572
119607
119662
119772
119876
119903
120005
120048
120055
120110
120220
120325
120364
120460
120566
120620
120728
120811
120867
120885
120912
120916
120941
121012
121037
121117
121192
121241
121300
121332
121359
121461
121504
121511
121556
121581
121660
121737
121800
121860
121895
121945
122008
122068
122103
122158
122268
122371
122388
122413
122492
122569
122632
122692
122727
122777
122840
122900
122935
122990
123100
123204
123231
123333
123376
123383
123438
123548
123653
123692
123788
123894
123948
124056
124139
124205
124284
124361
124424
124484
124519
124569
124632
124692
124727
124782
124892
124996
125023
125125
125168
125175
125230
125340
125445
125484
125580
125686
125740
125848
125931
126007
126059
126143
126255
126381
126480
126487
126547
126579
126612
126653
126768
126775
126844
126949
126992
126999
127059
127091
127124
127165
127280
127287
127356
127467
127567
127711
127857
127876
127925
127988
128012
128067
128084
128109
128180
128205
128285
128360
128409
128468
128500
128527
128629
128672
128679
128724
128749
128828
128905
128968
129028
129063
129113
129176
129236
129271
129326
129436
129539
129556
129581
129660
129737
129800
129860
129895
129945
130008
130068
130103
130158
130268
130372
130399
130501
130544
130551
130606
130716
130821
130860
130956
131062
131116
131224
131307
131373
131452
131529
131592
131652
131687
131737
131800
131860
131895
131950
132060
132164
132191
132293
132336
132343
132398
132508
132613
132652
132748
132854
132908
133016
133099
133175
133227
133311
133423
133549
133648
133655
133715
133747
133780
133821
133936
133943
134012
134117
134160
134167
134227
134259
134292
134333
134448
134455
134524
134635
134735
134879
135025
135044
135093
135156
135184
135188
135213
135292
135369
135432
135492
135527
135577
135640
135700
135735
135790
135900
136004
136031
136133
136176
136183
136238
136348
136453
136492
136588
136694
136748
136856
136939
137015
137067
137151
137263
137389
137488
137495
137555
137587
137620
137661
137776
137783
137852
137957
138000
138007
138067
138099
138132
138173
138288
138295
138364
138475
138575
138719
138865
138884
138933
138996
139028
139057
139069
139162
139240
139303
139363
139395
139428
139467
139551
139677
139788
139900
140005
140048
140055
140115
140147
140180
140221
140336
140343
140412
140523
140623
140767
140913
140932
140981
141044
141080
141143
141203
141235
141268
141309
141424
141431
141500
141611
141711
141855
142001
142020
142069
142132
142172
142279
142348
142465
142484
142529
142549
142605
142743
142814
142959
143119
143289
143372
143427
143444
143469
143540
143565
143645
143720
143769
143828
143860
143887
143989
144032
144039
144084
144109
144188
144265
144328
144388
144423
144473
144536
144596
144631
144686
144796
144899
144916
144941
145020
145097
145160
145220
145255
145305
145368
145428
145463
145518
145628
145732
145759
145861
145904
145911
145966
146076
146181
146220
146316
146422
146476
146584
146667
146733
146812
146889
146952
147012
147047
147097
147160
147220
147255
147310
147420
147524
147551
147653
147696
147703
147758
147868
147973
148012
148108
148214
148268
148376
148459
148535
148587
148671
148783
148909
149008
149015
149075
149107
149140
149181
149296
149303
149372
149477
149520
149527
149587
149619
149652
149693
149808
149815
149884
149995
150095
150239
150385
150404
150453
150516
150544
150548
150573
150652
150729
150792
150852
150887
150937
151000
151060
151095
151150
151260
151364
151391
151493
151536
151543
151598
151708
151813
151852
151948
152054
152108
152216
152299
152375
152427
152511
152623
152749
152848
152855
152915
152947
152980
153021
153136
153143
153212
153317
153360
153367
153427
153459
153492
153533
153648
153655
153724
153835
153935
154079
154225
154244
154293
154356
154388
154417
154429
154522
154600
154663
154723
154755
154788
154827
154911
155037
155148
155260
155365
155408
155415
155475
155507
155540
155581
155696
155703
155772
155883
155983
156127
156273
156292
156341
156404
156440
156503
156563
156595
156628
156669
156784
156791
156860
156971
157071
157215
157361
157380
157429
157492
157532
157639
157708
157825
157844
157889
157909
157965
158103
158174
158319
158479
158649
158736
158740
158765
158844
158921
158984
159044
159079
159129
159192
159252
159287
159342
159452
159556
159583
159685
159728
159735
159790
159900
160005
160044
160140
160246
160300
160408
160491
160567
160619
160703
160815
160941
161040
161047
161107
161139
161172
161213
161328
161335
161404
161509
161552
161559
161619
161651
161684
161725
161840
161847
161916
162027
162127
162271
162417
162436
162485
162548
162580
162609
162621
162714
162792
162855
162915
162947
162980
163019
163103
163229
163340
163452
163557
163600
163607
163667
163699
163732
163773
163888
163895
163964
164075
164175
164319
164465
164484
164533
164596
164632
164695
164755
164787
164820
164861
164976
164983
165052
165163
165263
165407
165553
165572
165621
165684
165724
165831
165900
166017
166036
166081
166101
166157
166295
166366
166511
166671
166841
166932
166961
166973
167066
167144
167207
167267
167299
167332
167371
167455
167581
167692
167804
167909
167952
167959
168019
168051
168084
168125
168240
168247
168316
168427
168527
168671
168817
168836
168885
168948
168984
169047
169107
169139
169172
169213
169328
169335
169404
169515
169615
169759
169905
169924
169973
170036
170076
170183
170252
170369
170388
170433
170453
170509
170647
170718
170863
171023
171193
171288
171351
171411
171443
171476
171517
171632
171639
171708
171819
171919
172063
172209
172228
172277
172340
172380
172487
172556
172673
172692
172737
172757
172813
172951
173022
173167
173327
173497
173596
173703
173772
173889
173908
173953
173973
174029
174167
174238
174383
174543
174713
174816
174824
174907
175023
175183
175353
175460
175509
175572
175624
175723
175854
176028
176143
176212
176237
176308
176333
176413
176488
176537
176596
176628
176655
176757
176800
176807
176852
176877
176956
177033
177096
177156
177191
177241
177304
177364
177399
177454
177564
177667
177684
177709
177788
177865
177928
177988
178023
178073
178136
178196
178231
178286
178396
178500
178527
178629
178672
178679
178734
178844
178949
178988
179084
179190
179244
179352
179435
179501
179580
179657
179720
179780
179815
179865
179928
179988
180023
180078
180188
180292
180319
180421
180464
180471
180526
180636
180741
180780
180876
180982
181036
181144
181227
181303
181355
181439
181551
181677
181776
181783
181843
181875
181908
181949
182064
182071
182140
182245
182288
182295
182355
182387
182420
182461
182576
182583
182652
182763
182863
183007
183153
183172
183221
183284
183312
183316
183341
183420
183497
183560
183620
183655
183705
183768
183828
183863
183918
184028
184132
184159
184261
184304
184311
184366
184476
184581
184620
184716
184822
184876
184984
185067
185143
185195
185279
185391
185517
185616
185623
185683
185715
185748
185789
185904
185911
185980
186085
186128
186135
186195
186227
186260
186301
186416
186423
186492
186603
186703
186847
186993
187012
187061
187124
187156
187185
187197
187290
187368
187431
187491
187523
187556
187595
187679
187805
187916
188028
188133
188176
188183
188243
188275
188308
188349
188464
188471
188540
188651
188751
188895
189041
189060
189109
189172
189208
189271
189331
189363
189396
189437
189552
189559
189628
189739
189839
189983
190129
190148
190197
190260
190300
190407
190476
190593
190612
190657
190677
190733
190871
190942
191087
191247
191417
191504
191508
191533
191612
191689
191752
191812
191847
191897
191960
192020
192055
192110
192220
192324
192351
192453
192496
192503
192558
192668
192773
192812
192908
193014
193068
193176
193259
193335
193387
193471
193583
193709
193808
193815
193875
193907
193940
193981
194096
194103
194172
194277
194320
194327
194387
194419
194452
194493
194608
194615
194684
194795
194895
195039
195185
195204
195253
195316
195348
195377
195389
195482
195560
195623
195683
195715
195748
195787
195871
195997
196108
196220
196325
196368
196375
196435
196467
196500
196541
196656
196663
196732
196843
196943
197087
197233
197252
197301
197364
197400
197463
197523
197555
197588
197629
197744
197751
197820
197931
198031
198175
198321
198340
198389
198452
198492
198599
198668
198785
198804
198849
198869
198925
199063
199134
199279
199439
199609
199700
199729
199741
199834
199912
199975
200035
200067
200100
200139
200223
200349
200460
200572
200677
200720
200727
200787
200819
200852
200893
201008
201015
201084
201195
201295
201439
201585
201604
201653
201716
201752
201815
201875
201907
201940
201981
202096
202103
202172
202283
202383
202527
202673
202692
202741
202804
202844
202951
203020
203137
203156
203201
203221
203277
203415
203486
203631
203791
203961
204056
204119
204179
204211
204244
204285
204400
204407
204476
204587
204687
204831
204977
204996
205045
205108
205148
205255
205324
205441
205460
205505
205525
205581
205719
205790
205935
206095
206265
206364
206471
206540
206657
206676
206721
206741
206797
206935
207006
207151
207311
207481
207584
207592
207675
207791
207951
208121
208228
208277
208340
208392
208491
208622
208796
208916
208941
209020
209097
209160
209220
209255
209305
209368
209428
209463
209518
209628
209732
209759
209861
209904
209911
209966
210076
210181
210220
210316
210422
210476
210584
210667
210743
210795
210879
210991
211117
211216
211223
211283
211315
211348
211389
211504
211511
211580
211685
211728
211735
211795
211827
211860
211901
212016
212023
212092
212203
212303
212447
212593
212612
212661
212724
212756
212785
212797
212890
212968
213031
213091
213123
213156
213195
213279
213405
213516
213628
213733
213776
213783
213843
213875
213908
213949
214064
214071
214140
214251
214351
214495
214641
214660
214709
214772
214808
214871
214931
214963
214996
215037
215152
215159
215228
215339
215439
215583
215729
215748
215797
215860
215900
216007
216076
216193
216212
216257
216277
216333
216471
216542
216687
216847
217017
217108
217137
217149
217242
217320
217383
217443
217475
217508
217547
217631
217757
217868
217980
218085
218128
218135
218195
218227
218260
218301
218416
218423
218492
218603
218703
218847
218993
219012
219061
219124
219160
219223
219283
219315
219348
219389
219504
219511
219580
219691
219791
219935
220081
220100
220149
220212
220252
220359
220428
220545
220564
220609
220629
220685
220823
220894
221039
221199
221369
221464
221527
221587
221619
221652
221693
221808
221815
221884
221995
222095
222239
222385
222404
222453
222516
222556
222663
222732
222849
222868
222913
222933
222989
223127
223198
223343
223503
223673
223772
223879
223948
224065
224084
224129
224149
224205
224343
224414
224559
224719
224889
224992
225000
225083
225199
225359
225529
225636
225685
225748
225800
225899
226030
226204
226329
226392
226452
226487
226542
226652
226757
226796
226892
226998
227052
227160
227243
227329
227344
227351
227411
227443
227476
227517
227632
227639
227708
227819
227919
228063
228209
228228
228277
228340
228376
228439
228499
228531
228564
228605
228720
228727
228796
228907
229007
229151
229297
229316
229365
229428
229468
229575
229644
229761
229780
229825
229845
229901
230039
230110
230255
230415
230585
230680
230743
230803
230835
230868
230909
231024
231031
231100
231211
231311
231455
231601
231620
231669
231732
231772
231879
231948
232065
232084
232129
232149
232205
232343
232414
232559
232719
232889
232988
233095
233164
233281
233300
233345
233365
233421
233559
233630
233775
233935
234105
234208
234216
234299
234415
234575
234745
234852
234901
234964
235016
235115
235246
235420
235550
235660
235766
235820
235928
236011
236107
236209
236228
236273
236293
236344
236427
236543
236683
236785
236804
236849
236869
236920
237003
237119
237269
237328
237336
237423
237583
237753
237852
237959
238028
238145
238164
238209
238229
238285
238423
238494
238639
238799
238969
239072
239080
239163
239279
239439
239609
239716
239765
239828
239880
239979
240110
240284
240419
240451
240484
240527
240671
240817
240836
240885
240948
240992
241000
241083
241199
241359
241529
241632
241640
241723
241839
241999
242169
242276
242325
242388
242440
242539
242670
242844
242984
243067
243183
243343
243513
243620
243669
243732
243784
243883
244014
244188
244333
244477
244633
244740
244800
244810
244940
245086
245260
245415
245512
245625
245760
245761
245765
245782
245808
245810
245820
245874
245884
245939
245956
245981
246044
246100
246125
246196
246221
246301
246367
246440
246487
246525
246604
246676
246701
246780
246857
246920
246980
247015
247055
247124
247149
247220
247245
247325
247400
247449
247508
247540
247567
247669
247712
247719
247764
247789
247868
247945
248008
248068
248103
248153
248216
248276
248311
248366
248476
248578
248588
248643
248660
248685
248756
248781
248861
248936
248985
249044
249076
249103
249205
249248
249255
249300
249325
249404
249481
249544
249604
249639
249689
249752
249812
249847
249902
250012
250115
250132
250157
250236
250313
250376
250436
250471
250521
250584
250644
250679
250734
250844
250948
250975
251077
251120
251127
251182
251292
251397
251436
251532
251638
251692
251800
251883
251939
251957
251984
251988
252013
252084
252109
252189
252264
252313
252372
252404
252431
252533
252576
252583
252628
252653
252732
252809
252872
252932
252967
253017
253080
253140
253175
253230
253340
253443
253460
253485
253564
253641
253704
253764
253799
253849
253912
253972
254007
254062
254172
254276
254303
254405
254448
254455
254510
254620
254725
254764
254860
254966
255020
255128
255211
255277
255356
255433
255496
255556
255591
255641
255704
255764
255799
255854
255964
256068
256095
256197
256240
256247
256302
256412
256517
256556
256652
256758
256812
256920
257003
257079
257131
257215
257327
257453
257552
257559
257619
257651
257684
257725
257840
257847
257916
258021
258064
258071
258131
258163
258196
258237
258352
258359
258428
258539
258639
258783
258929
258948
258997
259060
259084
259139
259156
259181
259252
259277
259357
259432
259481
259540
259572
259599
259701
259744
259751
259796
259821
259900
259977
260040
260100
260135
260185
260248
260308
260343
260398
260508
260611
260628
260653
260732
260809
260872
260932
260967
261017
261080
261140
261175
261230
261340
261444
261471
261573
261616
261623
261678
261788
261893
261932
262028
262134
262188
262296
262379
262445
262524
262601
262664
262724
262759
262809
262872
262932
262967
263022
263132
263236
263263
263365
263408
263415
263470
263580
263685
263724
263820
263926
263980
264088
264171
264247
264299
264383
264495
264621
264720
264727
264787
264819
264852
264893
265008
265015
265084
265189
265232
265239
265299
265331
265364
265405
265520
265527
265596
265707
265807
265951
266097
266116
266165
266228
266256
266260
266285
266364
266441
266504
266564
266599
266649
266712
266772
266807
266862
266972
267076
267103
267205
267248
267255
267310
267420
267525
267564
267660
267766
267820
267928
268011
268087
268139
268223
268335
268461
268560
268567
268627
268659
268692
268733
268848
268855
268924
269029
269072
269079
269139
269171
269204
269245
269360
269367
269436
269547
269647
269791
269937
269956
270005
270068
270100
270129
270141
270234
270312
270375
270435
270467
270500
270539
270623
270749
270860
270972
271077
271120
271127
271187
271219
271252
271293
271408
271415
271484
271595
271695
271839
271985
272004
272053
272116
272152
272215
272275
272307
272340
272381
272496
272503
272572
272683
272783
272927
273073
273092
273141
273204
273244
273351
273420
273537
273556
273601
273621
273677
273815
273886
274031
274191
274361
274444
274499
274516
274541
274612
274637
274717
274792
274841
274900
274932
274959
275061
275104
275111
275156
275181
275260
275337
275400
275460
275495
275545
275608
275668
275703
275758
275868
275971
275988
276013
276092
276169
276232
276292
276327
276377
276440
276500
276535
276590
276700
276804
276831
276933
276976
276983
277038
277148
277253
277292
277388
277494
277548
277656
277739
277805
277884
277961
278024
278084
278119
278169
278232
278292
278327
278382
278492
278596
278623
278725
278768
278775
278830
278940
279045
279084
279180
279286
279340
279448
279531
279607
279659
279743
279855
279981
280080
280087
280147
280179
280212
280253
280368
280375
280444
280549
280592
280599
280659
280691
280724
280765
280880
280887
280956
281067
281167
281311
281457
281476
281525
281588
281616
281620
281645
281724
281801
281864
281924
281959
282009
282072
282132
282167
282222
282332
282436
282463
282565
282608
282615
282670
282780
282885
282924
283020
283126
283180
283288
283371
283447
283499
283583
283695
283821
283920
283927
283987
284019
284052
284093
284208
284215
284284
284389
284432
284439
284499
284531
284564
284605
284720
284727
284796
284907
285007
285151
285297
285316
285365
285428
285460
285489
285501
285594
285672
285735
285795
285827
285860
285899
285983
286109
286220
286332
286437
286480
286487
286547
286579
286612
286653
286768
286775
286844
286955
287055
287199
287345
287364
287413
287476
287512
287575
287635
287667
287700
287741
287856
287863
287932
288043
288143
288287
288433
288452
288501
288564
288604
288711
288780
288897
288916
288961
288981
289037
289175
289246
289391
289551
289721
289808
289812
289837
289916
289993
290056
290116
290151
290201
290264
290324
290359
290414
290524
290628
290655
290757
290800
290807
290862
290972
291077
291116
291212
291318
291372
291480
291563
291639
291691
291775
291887
292013
292112
292119
292179
292211
292244
292285
292400
292407
292476
292581
292624
292631
292691
292723
292756
292797
292912
292919
292988
293099
293199
293343
293489
293508
293557
293620
293652
293681
293693
293786
293864
293927
293987
294019
294052
294091
294175
294301
294412
294524
294629
294672
294679
294739
294771
294804
294845
294960
294967
295036
295147
295247
295391
295537
295556
295605
295668
295704
295767
295827
295859
295892
295933
296048
296055
296124
296235
296335
296479
296625
296644
296693
296756
296796
296903
296972
297089
297108
297153
297173
297229
297367
297438
297583
297743
297913
298004
298033
298045
298138
298216
298279
298339
298371
298404
298443
298527
298653
298764
298876
298981
299024
299031
299091
299123
299156
299197
299312
299319
299388
299499
299599
299743
299889
299908
299957
300020
300056
300119
300179
300211
300244
300285
300400
300407
300476
300587
300687
300831
300977
300996
301045
301108
301148
301255
301324
301441
301460
301505
301525
301581
301719
301790
301935
302095
302265
302360
302423
302483
302515
302548
302589
302704
302711
302780
302891
302991
303135
303281
303300
303349
303412
303452
303559
303628
303745
303764
303809
303829
303885
304023
304094
304239
304399
304569
304668
304775
304844
304961
304980
305025
305045
305101
305239
305310
305455
305615
305785
305888
305896
305979
306095
306255
306425
306532
306581
306644
306696
306795
306926
307100
307215
307284
307309
307380
307405
307485
307560
307609
307668
307700
307727
307829
307872
307879
307924
307949
308028
308105
308168
308228
308263
308313
308376
308436
308471
308526
308636
308739
308756
308781
308860
308937
309000
309060
309095
309145
309208
309268
309303
309358
309468
309572
309599
309701
309744
309751
309806
309916
310021
310060
310156
310262
310316
310424
310507
310573
310652
310729
310792
310852
310887
310937
311000
311060
311095
311150
311260
311364
311391
311493
311536
311543
311598
311708
311813
311852
311948
312054
312108
312216
312299
312375
312427
312511
312623
312749
312848
312855
312915
312947
312980
313021
313136
313143
313212
313317
313360
313367
313427
313459
313492
313533
313648
313655
313724
313835
313935
314079
314225
314244
314293
314356
314384
314388
314413
314492
314569
314632
314692
314727
314777
314840
314900
314935
314990
315100
315204
315231
315333
315376
315383
315438
315548
315653
315692
315788
315894
315948
316056
316139
316215
316267
316351
316463
316589
316688
316695
316755
316787
316820
316861
316976
316983
317052
317157
317200
317207
317267
317299
317332
317373
317488
317495
317564
317675
317775
317919
318065
318084
318133
318196
318228
318257
318269
318362
318440
318503
318563
318595
318628
318667
318751
318877
318988
319100
319205
319248
319255
319315
319347
319380
319421
319536
319543
319612
319723
319823
319967
320113
320132
320181
320244
320280
320343
320403
320435
320468
320509
320624
320631
320700
320811
320911
321055
321201
321220
321269
321332
321372
321479
321548
321665
321684
321729
321749
321805
321943
322014
322159
322319
322489
322576
322580
322605
322684
322761
322824
322884
322919
322969
323032
323092
323127
323182
323292
323396
323423
323525
323568
323575
323630
323740
323845
323884
323980
324086
324140
324248
324331
324407
324459
324543
324655
324781
324880
324887
324947
324979
325012
325053
325168
325175
325244
325349
325392
325399
325459
325491
325524
325565
325680
325687
325756
325867
325967
326111
326257
326276
326325
326388
326420
326449
326461
326554
326632
326695
326755
326787
326820
326859
326943
327069
327180
327292
327397
327440
327447
327507
327539
327572
327613
327728
327735
327804
327915
328015
328159
328305
328324
328373
328436
328472
328535
328595
328627
328660
328701
328816
328823
328892
329003
329103
329247
329393
329412
329461
329524
329564
329671
329740
329857
329876
329921
329941
329997
330135
330206
330351
330511
330681
330772
330801
330813
330906
330984
331047
331107
331139
331172
331211
331295
331421
331532
331644
331749
331792
331799
331859
331891
331924
331965
332080
332087
332156
332267
332367
332511
332657
332676
332725
332788
332824
332887
332947
332979
333012
333053
333168
333175
333244
333355
333455
333599
333745
333764
333813
333876
333916
334023
334092
334209
334228
334273
334293
334349
334487
334558
334703
334863
335033
335128
335191
335251
335283
335316
335357
335472
335479
335548
335659
335759
335903
336049
336068
336117
336180
336220
336327
336396
336513
336532
336577
336597
336653
336791
336862
337007
337167
337337
337436
337543
337612
337729
337748
337793
337813
337869
338007
338078
338223
338383
338553
338656
338664
338747
338863
339023
339193
339300
339349
339412
339464
339563
339694
339868
339988
340013
340092
340169
340232
340292
340327
340377
340440
340500
340535
340590
340700
340804
340831
340933
340976
340983
341038
341148
341253
341292
341388
341494
341548
341656
341739
341815
341867
341951
342063
342189
342288
342295
342355
342387
342420
342461
342576
342583
342652
342757
342800
342807
342867
342899
342932
342973
343088
343095
343164
343275
343375
343519
343665
343684
343733
343796
343828
343857
343869
343962
344040
344103
344163
344195
344228
344267
344351
344477
344588
344700
344805
344848
344855
344915
344947
344980
345021
345136
345143
345212
345323
345423
345567
345713
345732
345781
345844
345880
345943
346003
346035
346068
346109
346224
346231
346300
346411
346511
346655
346801
346820
346869
346932
346972
347079
347148
347265
347284
347329
347349
347405
347543
347614
347759
347919
348089
348180
348209
348221
348314
348392
348455
348515
348547
348580
348619
348703
348829
348940
349052
349157
349200
349207
349267
349299
349332
349373
349488
349495
349564
349675
349775
349919
350065
350084
350133
350196
350232
350295
350355
350387
350420
350461
350576
350583
350652
350763
350863
351007
351153
351172
351221
351284
351324
351431
351500
351617
351636
351681
351701
351757
351895
351966
352111
352271
352441
352536
352599
352659
352691
352724
352765
352880
352887
352956
353067
353167
353311
353457
353476
353525
353588
353628
353735
353804
353921
353940
353985
354005
354061
354199
354270
354415
354575
354745
354844
354951
355020
355137
355156
355201
355221
355277
355415
355486
355631
355791
355961
356064
356072
356155
356271
356431
356601
356708
356757
356820
356872
356971
357102
357276
357401
357464
357524
357559
357614
357724
357829
357868
357964
358070
358124
358232
358315
358401
358416
358423
358483
358515
358548
358589
358704
358711
358780
358891
358991
359135
359281
359300
359349
359412
359448
359511
359571
359603
359636
359677
359792
359799
359868
359979
360079
360223
360369
360388
360437
360500
360540
360647
360716
360833
360852
360897
360917
360973
361111
361182
361327
361487
361657
361752
361815
361875
361907
361940
361981
362096
362103
362172
362283
362383
362527
362673
362692
362741
362804
362844
362951
363020
363137
363156
363201
363221
363277
363415
363486
363631
363791
363961
364060
364167
364236
364353
364372
364417
364437
364493
364631
364702
364847
365007
365177
365280
365288
365371
365487
365647
365817
365924
365973
366036
366088
366187
366318
366492
366622
366732
366838
366892
367000
367083
367179
367281
367300
367345
367365
367416
367499
367615
367755
367857
367876
367921
367941
367992
368075
368191
368341
368400
368408
368495
368655
368825
368924
369031
369100
369217
369236
369281
369301
369357
369495
369566
369711
369871
370041
370144
370152
370235
370351
370511
370681
370788
370837
370900
370952
371051
371182
371356
371491
371523
371556
371599
371743
371889
371908
371957
372020
372064
372072
372155
372271
372431
372601
372704
372712
372795
372911
373071
373241
373348
373397
373460
373512
373611
373742
373916
374056
374139
374255
374415
374585
374692
374741
374804
374856
374955
375086
375260
375405
375549
375705
375812
375872
375882
376012
376158
376332
376487
376584
376697
376832
376834
376844
376899
376916
376941
377012
377037
377117
377192
377241
377300
377332
377359
377461
377504
377511
377556
377581
377660
377737
377800
377860
377895
377945
378008
378068
378103
378158
378268
378371
378388
378413
378492
378569
378632
378692
378727
378777
378840
378900
378935
378990
379100
379204
379231
379333
379376
379383
379438
379548
379653
379692
379788
379894
379948
380056
380139
380205
380284
380361
380424
380484
380519
380569
380632
380692
380727
380782
380892
380996
381023
381125
381168
381175
381230
381340
381445
381484
381580
381686
381740
381848
381931
382007
382059
382143
382255
382381
382480
382487
382547
382579
382612
382653
382768
382775
382844
382949
382992
382999
383059
383091
383124
383165
383280
383287
383356
383467
383567
383711
383857
383876
383925
383988
384016
384020
384045
384124
384201
384264
384324
384359
384409
384472
384532
384567
384622
384732
384836
384863
384965
385008
385015
385070
385180
385285
385324
385420
385526
385580
385688
385771
385847
385899
385983
386095
386221
386320
386327
386387
386419
386452
386493
386608
386615
386684
386789
386832
386839
386899
386931
386964
387005
387120
387127
387196
387307
387407
387551
387697
387716
387765
387828
387860
387889
387901
387994
388072
388135
388195
388227
388260
388299
388383
388509
388620
388732
388837
388880
388887
388947
388979
389012
389053
389168
389175
389244
389355
389455
389599
389745
389764
389813
389876
389912
389975
390035
390067
390100
390141
390256
390263
390332
390443
390543
390687
390833
390852
390901
390964
391004
391111
391180
391297
391316
391361
391381
391437
391575
391646
391791
391951
392121
392208
392212
392237
392316
392393
392456
392516
392551
392601
392664
392724
392759
392814
392924
393028
393055
393157
393200
393207
393262
393372
393477
393516
393612
393718
393772
393880
393963
394039
394091
394175
394287
394413
394512
394519
394579
394611
394644
394685
394800
394807
394876
394981
395024
395031
395091
395123
395156
395197
395312
395319
395388
395499
395599
395743
395889
395908
395957
396020
396052
396081
396093
396186
396264
396327
396387
396419
396452
396491
396575
396701
396812
396924
397029
397072
397079
397139
397171
397204
397245
397360
397367
397436
397547
397647
397791
397937
397956
398005
398068
398104
398167
398227
398259
398292
398333
398448
398455
398524
398635
398735
398879
399025
399044
399093
399156
399196
399303
399372
399489
399508
399553
399573
399629
399767
399838
399983
400143
400313
400404
400433
400445
400538
400616
400679
400739
400771
400804
400843
400927
401053
401164
401276
401381
401424
401431
401491
401523
401556
401597
401712
401719
401788
401899
401999
402143
402289
402308
402357
402420
402456
402519
402579
402611
402644
402685
402800
402807
402876
402987
403087
403231
403377
403396
403445
403508
403548
403655
403724
403841
403860
403905
403925
403981
404119
404190
404335
404495
404665
404760
404823
404883
404915
404948
404989
405104
405111
405180
405291
405391
405535
405681
405700
405749
405812
405852
405959
406028
406145
406164
406209
406229
406285
406423
406494
406639
406799
406969
407068
407175
407244
407361
407380
407425
407445
407501
407639
407710
407855
408015
408185
408288
408296
408379
408495
408655
408825
408932
408981
409044
409096
409195
409326
409500
409620
409645
409724
409801
409864
409924
409959
410009
410072
410132
410167
410222
410332
410436
410463
410565
410608
410615
410670
410780
410885
410924
411020
411126
411180
411288
411371
411447
411499
411583
411695
411821
411920
411927
411987
412019
412052
412093
412208
412215
412284
412389
412432
412439
412499
412531
412564
412605
412720
412727
412796
412907
413007
413151
413297
413316
413365
413428
413460
413489
413501
413594
413672
413735
413795
413827
413860
413899
413983
414109
414220
414332
414437
414480
414487
414547
414579
414612
414653
414768
414775
414844
414955
415055
415199
415345
415364
415413
415476
415512
415575
415635
415667
415700
415741
415856
415863
415932
416043
416143
416287
416433
416452
416501
416564
416604
416711
416780
416897
416916
416961
416981
417037
417175
417246
417391
417551
417721
417812
417841
417853
417946
418024
418087
418147
418179
418212
418251
418335
418461
418572
418684
418789
418832
418839
418899
418931
418964
419005
419120
419127
419196
419307
419407
419551
419697
419716
419765
419828
419864
419927
419987
420019
420052
420093
420208
420215
420284
420395
420495
420639
420785
420804
420853
420916
420956
421063
421132
421249
421268
421313
421333
421389
421527
421598
421743
421903
422073
422168
422231
422291
422323
422356
422397
422512
422519
422588
422699
422799
422943
423089
423108
423157
423220
423260
423367
423436
423553
423572
423617
423637
423693
423831
423902
424047
424207
424377
424476
424583
424652
424769
424788
424833
424853
424909
425047
425118
425263
425423
425593
425696
425704
425787
425903
426063
426233
426340
426389
426452
426504
426603
426734
426908
427033
427096
427156
427191
427246
427356
427461
427500
427596
427702
427756
427864
427947
428033
428048
428055
428115
428147
428180
428221
428336
428343
428412
428523
428623
428767
428913
428932
428981
429044
429080
429143
429203
429235
429268
429309
429424
429431
429500
429611
429711
429855
430001
430020
430069
430132
430172
430279
430348
430465
430484
430529
430549
430605
430743
430814
430959
431119
431289
431384
431447
431507
431539
431572
431613
431728
431735
431804
431915
432015
432159
432305
432324
432373
432436
432476
432583
432652
432769
432788
432833
432853
432909
433047
433118
433263
433423
433593
433692
433799
433868
433985
434004
434049
434069
434125
434263
434334
434479
434639
434809
434912
434920
435003
435119
435279
435449
435556
435605
435668
435720
435819
435950
436124
436254
436364
436470
436524
436632
436715
436811
436913
436932
436977
436997
437048
437131
437247
437387
437489
437508
437553
437573
437624
437707
437823
437973
438032
438040
438127
438287
438457
438556
438663
438732
438849
438868
438913
438933
438989
439127
439198
439343
439503
439673
439776
439784
439867
439983
440143
440313
440420
440469
440532
440584
440683
440814
440988
441123
441155
441188
441231
441375
441521
441540
441589
441652
441696
441704
441787
441903
442063
442233
442336
442344
442427
442543
442703
442873
442980
443029
443092
443144
443243
443374
443548
443688
443771
443887
444047
444217
444324
444373
444436
444488
444587
444718
444892
445037
445181
445337
445444
445504
445514
445644
445790
445964
446119
446216
446329
446464
446467
446484
446509
446588
446665
446728
446788
446823
446873
446936
446996
447031
447086
447196
447300
447327
447429
447472
447479
447534
447644
447749
447788
447884
447990
448044
448152
448235
448311
448363
448447
448559
448685
448784
448791
448851
448883
448916
448957
449072
449079
449148
449253
449296
449303
449363
449395
449428
449469
449584
449591
449660
449771
449871
450015
450161
450180
450229
450292
450324
450353
450365
450458
450536
450599
450659
450691
450724
450763
450847
450973
451084
451196
451301
451344
451351
451411
451443
451476
451517
451632
451639
451708
451819
451919
452063
452209
452228
452277
452340
452376
452439
452499
452531
452564
452605
452720
452727
452796
452907
453007
453151
453297
453316
453365
453428
453468
453575
453644
453761
453780
453825
453845
453901
454039
454110
454255
454415
454585
454676
454705
454717
454810
454888
454951
455011
455043
455076
455115
455199
455325
455436
455548
455653
455696
455703
455763
455795
455828
455869
455984
455991
456060
456171
456271
456415
456561
456580
456629
456692
456728
456791
456851
456883
456916
456957
457072
457079
457148
457259
457359
457503
457649
457668
457717
457780
457820
457927
457996
458113
458132
458177
458197
458253
458391
458462
458607
458767
458937
459032
459095
459155
459187
459220
459261
459376
459383
459452
459563
459663
459807
459953
459972
460021
460084
460124
460231
460300
460417
460436
460481
460501
460557
460695
460766
460911
461071
461241
461340
461447
461516
461633
461652
461697
461717
461773
461911
461982
462127
462287
462457
462560
462568
462651
462767
462927
463097
463204
463253
463316
463368
463467
463598
463772
463897
463960
464020
464055
464110
464220
464325
464364
464460
464566
464620
464728
464811
464897
464912
464919
464979
465011
465044
465085
465200
465207
465276
465387
465487
465631
465777
465796
465845
465908
465944
466007
466067
466099
466132
466173
466288
466295
466364
466475
466575
466719
466865
466884
466933
466996
467036
467143
467212
467329
467348
467393
467413
467469
467607
467678
467823
467983
468153
468248
468311
468371
468403
468436
468477
468592
468599
468668
468779
468879
469023
469169
469188
469237
469300
469340
469447
469516
469633
469652
469697
469717
469773
469911
469982
470127
470287
470457
470556
470663
470732
470849
470868
470913
470933
470989
471127
471198
471343
471503
471673
471776
471784
471867
471983
472143
472313
472420
472469
472532
472584
472683
472814
472988
473118
473228
473334
473388
473496
473579
473675
473777
473796
473841
473861
473912
473995
474111
474251
474353
474372
474417
474437
474488
474571
474687
474837
474896
474904
474991
475151
475321
475420
475527
475596
475713
475732
475777
475797
475853
475991
476062
476207
476367
476537
476640
476648
476731
476847
477007
477177
477284
477333
477396
477448
477547
477678
477852
477987
478019
478052
478095
478239
478385
478404
478453
478516
478560
478568
478651
478767
478927
479097
479200
479208
479291
479407
479567
479737
479844
479893
479956
480008
480107
480238
480412
480552
480635
480751
480911
481081
481188
481237
481300
481352
481451
481582
481756
481901
482045
482201
482308
482368
482378
482508
482654
482828
482983
483080
483193
483328
483332
483359
483461
483504
483511
483566
483676
483781
483820
483916
484022
484076
484184
484267
484353
484368
484375
484435
484467
484500
484541
484656
484663
484732
484843
484943
485087
485233
485252
485301
485364
485400
485463
485523
485555
485588
485629
485744
485751
485820
485931
486031
486175
486321
486340
486389
486452
486492
486599
486668
486785
486804
486849
486869
486925
487063
487134
487279
487439
487609
487704
487767
487827
487859
487892
487933
488048
488055
488124
488235
488335
488479
488625
488644
488693
488756
488796
488903
488972
489089
489108
489153
489173
489229
489367
489438
489583
489743
489913
490012
490119
490188
490305
490324
490369
490389
490445
490583
490654
490799
490959
491129
491232
491240
491323
491439
491599
491769
491876
491925
491988
492040
492139
492270
492444
492574
492684
492790
492844
492952
493035
493131
493233
493252
493297
493317
493368
493451
493567
493707
493809
493828
493873
493893
493944
494027
494143
494293
494352
494360
494447
494607
494777
494876
494983
495052
495169
495188
495233
495253
495309
495447
495518
495663
495823
495993
496096
496104
496187
496303
496463
496633
496740
496789
496852
496904
497003
497134
497308
497443
497475
497508
497551
497695
497841
497860
497909
497972
498016
498024
498107
498223
498383
498553
498656
498664
498747
498863
499023
499193
499300
499349
499412
499464
499563
499694
499868
500008
500091
500207
500367
500537
500644
500693
500756
500808
500907
501038
501212
501357
501501
501657
501764
501824
501834
501964
502110
502284
502439
502536
502649
502784
502789
502828
502924
503030
503084
503192
503275
503371
503473
503492
503537
503557
503608
503691
503807
503947
504049
504068
504113
504133
504184
504267
504383
504533
504592
504600
504687
504847
505017
505116
505223
505292
505409
505428
505473
505493
505549
505687
505758
505903
506063
506233
506336
506344
506427
506543
506703
506873
506980
507029
507092
507144
507243
507374
507548
507683
507715
507748
507791
507935
508081
508100
508149
508212
508256
508264
508347
508463
508623
508793
508896
508904
508987
509103
509263
509433
509540
509589
509652
509704
509803
509934
510108
510248
510331
510447
510607
510777
510884
510933
510996
511048
511147
511278
511452
511597
511741
511897
512004
512064
512074
512204
512350
512524
512679
512776
512889
513024
513030
513084
513192
513275
513381
513440
513448
513535
513685
513744
513752
513839
513999
514169
514272
514280
514363
514479
514639
514809
514916
514965
515028
515080
515179
515310
515484
515624
515707
515823
515983
516153
516260
516309
516372
516424
516523
516654
516828
516973
517117
517273
517380
517440
517450
517580
517726
517900
518055
518152
518265
518400
518407
518476
518599
518681
518780
518914
518948
519003
519125
519188
519240
519339
519470
519644
519789
519933
520089
520196
520256
520266
520396
520542
520716
520871
520968
521081
521216
521224
521311
521481
521592
521691
521831
521929
522036
522096
522106
522236
522391
522491
522645
522717
522874
523004
523159
523259
523413
523488
523500
523659
523813
523891
523942
524035
524089
524228
524289
524293
524310
524336
524338
524348
524402
524412
524467
524484
524509
524572
524628
524653
524724
524749
524829
524895
524968
525015
525053
525132
525204
525229
525308
525385
525448
525508
525543
525583
525652
525677
525748
525773
525853
525928
525977
526036
526068
526095
526197
526240
526247
526292
526317
526396
526473
526536
526596
526631
526681
526744
526804
526839
526894
527004
527106
527116
527171
527188
527213
527284
527309
527389
527464
527513
527572
527604
527631
527733
527776
527783
527828
527853
527932
528009
528072
528132
528167
528217
528280
528340
528375
528430
528540
528643
528660
528685
528764
528841
528904
528964
528999
529049
529112
529172
529207
529262
529372
529476
529503
529605
529648
529655
529710
529820
529925
529964
530060
530166
530220
530328
530411
530467
530485
530512
530516
530541
530612
530637
530717
530792
530841
530900
530932
530959
531061
531104
531111
531156
531181
531260
531337
531400
531460
531495
531545
531608
531668
531703
531758
531868
531971
531988
532013
532092
532169
532232
532292
532327
532377
532440
532500
532535
532590
532700
532804
532831
532933
532976
532983
533038
533148
533253
533292
533388
533494
533548
533656
533739
533805
533884
533961
534024
534084
534119
534169
534232
534292
534327
534382
534492
534596
534623
534725
534768
534775
534830
534940
535045
535084
535180
535286
535340
535448
535531
535607
535659
535743
535855
535981
536080
536087
536147
536179
536212
536253
536368
536375
536444
536549
536592
536599
536659
536691
536724
536765
536880
536887
536956
537067
537167
537311
537457
537476
537525
537588
537612
537667
537684
537709
537780
537805
537885
537960
538009
538068
538100
538127
538229
538272
538279
538324
538349
538428
538505
538568
538628
538663
538713
538776
538836
538871
538926
539036
539139
539156
539181
539260
539337
539400
539460
539495
539545
539608
539668
539703
539758
539868
539972
539999
540101
540144
540151
540206
540316
540421
540460
540556
540662
540716
540824
540907
540973
541052
541129
541192
541252
541287
541337
541400
541460
541495
541550
541660
541764
541791
541893
541936
541943
541998
542108
542213
542252
542348
542454
542508
542616
542699
542775
542827
542911
543023
543149
543248
543255
543315
543347
543380
543421
543536
543543
543612
543717
543760
543767
543827
543859
543892
543933
544048
544055
544124
544235
544335
544479
544625
544644
544693
544756
544784
544788
544813
544892
544969
545032
545092
545127
545177
545240
545300
545335
545390
545500
545604
545631
545733
545776
545783
545838
545948
546053
546092
546188
546294
546348
546456
546539
546615
546667
546751
546863
546989
547088
547095
547155
547187
547220
547261
547376
547383
547452
547557
547600
547607
547667
547699
547732
547773
547888
547895
547964
548075
548175
548319
548465
548484
548533
548596
548628
548657
548669
548762
548840
548903
548963
548995
549028
549067
549151
549277
549388
549500
549605
549648
549655
549715
549747
549780
549821
549936
549943
550012
550123
550223
550367
550513
550532
550581
550644
550680
550743
550803
550835
550868
550909
551024
551031
551100
551211
551311
551455
551601
551620
551669
551732
551772
551879
551948
552065
552084
552129
552149
552205
552343
552414
552559
552719
552889
552972
553027
553044
553069
553140
553165
553245
553320
553369
553428
553460
553487
553589
553632
553639
553684
553709
553788
553865
553928
553988
554023
554073
554136
554196
554231
554286
554396
554499
554516
554541
554620
554697
554760
554820
554855
554905
554968
555028
555063
555118
555228
555332
555359
555461
555504
555511
555566
555676
555781
555820
555916
556022
556076
556184
556267
556333
556412
556489
556552
556612
556647
556697
556760
556820
556855
556910
557020
557124
557151
557253
557296
557303
557358
557468
557573
557612
557708
557814
557868
557976
558059
558135
558187
558271
558383
558509
558608
558615
558675
558707
558740
558781
558896
558903
558972
559077
559120
559127
559187
559219
559252
559293
559408
559415
559484
559595
559695
559839
559985
560004
560053
560116
560144
560148
560173
560252
560329
560392
560452
560487
560537
560600
560660
560695
560750
560860
560964
560991
561093
561136
561143
561198
561308
561413
561452
561548
561654
561708
561816
561899
561975
562027
562111
562223
562349
562448
562455
562515
562547
562580
562621
562736
562743
562812
562917
562960
562967
563027
563059
563092
563133
563248
563255
563324
563435
563535
563679
563825
563844
563893
563956
563988
564017
564029
564122
564200
564263
564323
564355
564388
564427
564511
564637
564748
564860
564965
565008
565015
565075
565107
565140
565181
565296
565303
565372
565483
565583
565727
565873
565892
565941
566004
566040
566103
566163
566195
566228
566269
566384
566391
566460
566571
566671
566815
566961
566980
567029
567092
567132
567239
567308
567425
567444
567489
567509
567565
567703
567774
567919
568079
568249
568336
568340
568365
568444
568521
568584
568644
568679
568729
568792
568852
568887
568942
569052
569156
569183
569285
569328
569335
569390
569500
569605
569644
569740
569846
569900
570008
570091
570167
570219
570303
570415
570541
570640
570647
570707
570739
570772
570813
570928
570935
571004
571109
571152
571159
571219
571251
571284
571325
571440
571447
571516
571627
571727
571871
572017
572036
572085
572148
572180
572209
572221
572314
572392
572455
572515
572547
572580
572619
572703
572829
572940
573052
573157
573200
573207
573267
573299
573332
573373
573488
573495
573564
573675
573775
573919
574065
574084
574133
574196
574232
574295
574355
574387
574420
574461
574576
574583
574652
574763
574863
575007
575153
575172
575221
575284
575324
575431
575500
575617
575636
575681
575701
575757
575895
575966
576111
576271
576441
576532
576561
576573
576666
576744
576807
576867
576899
576932
576971
577055
577181
577292
577404
577509
577552
577559
577619
577651
577684
577725
577840
577847
577916
578027
578127
578271
578417
578436
578485
578548
578584
578647
578707
578739
578772
578813
578928
578935
579004
579115
579215
579359
579505
579524
579573
579636
579676
579783
579852
579969
579988
580033
580053
580109
580247
580318
580463
580623
580793
580888
580951
581011
581043
581076
581117
581232
581239
581308
581419
581519
581663
581809
581828
581877
581940
581980
582087
582156
582273
582292
582337
582357
582413
582551
582622
582767
582927
583097
583196
583303
583372
583489
583508
583553
583573
583629
583767
583838
583983
584143
584313
584416
584424
584507
584623
584783
584953
585060
585109
585172
585224
585323
585454
585628
585743
585812
585837
585908
585933
586013
586088
586137
586196
586228
586255
586357
586400
586407
586452
586477
586556
586633
586696
586756
586791
586841
586904
586964
586999
587054
587164
587267
587284
587309
587388
587465
587528
587588
587623
587673
587736
587796
587831
587886
587996
588100
588127
588229
588272
588279
588334
588444
588549
588588
588684
588790
588844
588952
589035
589101
589180
589257
589320
589380
589415
589465
589528
589588
589623
589678
589788
589892
589919
590021
590064
590071
590126
590236
590341
590380
590476
590582
590636
590744
590827
590903
590955
591039
591151
591277
591376
591383
591443
591475
591508
591549
591664
591671
591740
591845
591888
591895
591955
591987
592020
592061
592176
592183
592252
592363
592463
592607
592753
592772
592821
592884
592912
592916
592941
593020
593097
593160
593220
593255
593305
593368
593428
593463
593518
593628
593732
593759
593861
593904
593911
593966
594076
594181
594220
594316
594422
594476
594584
594667
594743
594795
594879
594991
595117
595216
595223
595283
595315
595348
595389
595504
595511
595580
595685
595728
595735
595795
595827
595860
595901
596016
596023
596092
596203
596303
596447
596593
596612
596661
596724
596756
596785
596797
596890
596968
597031
597091
597123
597156
597195
597279
597405
597516
597628
597733
597776
597783
597843
597875
597908
597949
598064
598071
598140
598251
598351
598495
598641
598660
598709
598772
598808
598871
598931
598963
598996
599037
599152
599159
599228
599339
599439
599583
599729
599748
599797
599860
599900
600007
600076
600193
600212
600257
600277
600333
600471
600542
600687
600847
601017
601104
601108
601133
601212
601289
601352
601412
601447
601497
601560
601620
601655
601710
601820
601924
601951
602053
602096
602103
602158
602268
602373
602412
602508
602614
602668
602776
602859
602935
602987
603071
603183
603309
603408
603415
603475
603507
603540
603581
603696
603703
603772
603877
603920
603927
603987
604019
604052
604093
604208
604215
604284
604395
604495
604639
604785
604804
604853
604916
604948
604977
604989
605082
605160
605223
605283
605315
605348
605387
605471
605597
605708
605820
605925
605968
605975
606035
606067
606100
606141
606256
606263
606332
606443
606543
606687
606833
606852
606901
606964
607000
607063
607123
607155
607188
607229
607344
607351
607420
607531
607631
607775
607921
607940
607989
608052
608092
608199
608268
608385
608404
608449
608469
608525
608663
608734
608879
609039
609209
609300
609329
609341
609434
609512
609575
609635
609667
609700
609739
609823
609949
610060
610172
610277
610320
610327
610387
610419
610452
610493
610608
610615
610684
610795
610895
611039
611185
611204
611253
611316
611352
611415
611475
611507
611540
611581
611696
611703
611772
611883
611983
612127
612273
612292
612341
612404
612444
612551
612620
612737
612756
612801
612821
612877
613015
613086
613231
613391
613561
613656
613719
613779
613811
613844
613885
614000
614007
614076
614187
614287
614431
614577
614596
614645
614708
614748
614855
614924
615041
615060
615105
615125
615181
615319
615390
615535
615695
615865
615964
616071
616140
616257
616276
616321
616341
616397
616535
616606
616751
616911
617081
617184
617192
617275
617391
617551
617721
617828
617877
617940
617992
618091
618222
618396
618516
618541
618620
618697
618760
618820
618855
618905
618968
619028
619063
619118
619228
619332
619359
619461
619504
619511
619566
619676
619781
619820
619916
620022
620076
620184
620267
620343
620395
620479
620591
620717
620816
620823
620883
620915
620948
620989
621104
621111
621180
621285
621328
621335
621395
621427
621460
621501
621616
621623
621692
621803
621903
622047
622193
622212
622261
622324
622356
622385
622397
622490
622568
622631
622691
622723
622756
622795
622879
623005
623116
623228
623333
623376
623383
623443
623475
623508
623549
623664
623671
623740
623851
623951
624095
624241
624260
624309
624372
624408
624471
624531
624563
624596
624637
624752
624759
624828
624939
625039
625183
625329
625348
625397
625460
625500
625607
625676
625793
625812
625857
625877
625933
626071
626142
626287
626447
626617
626708
626737
626749
626842
626920
626983
627043
627075
627108
627147
627231
627357
627468
627580
627685
627728
627735
627795
627827
627860
627901
628016
628023
628092
628203
628303
628447
628593
628612
628661
628724
628760
628823
628883
628915
628948
628989
629104
629111
629180
629291
629391
629535
629681
629700
629749
629812
629852
629959
630028
630145
630164
630209
630229
630285
630423
630494
630639
630799
630969
631064
631127
631187
631219
631252
631293
631408
631415
631484
631595
631695
631839
631985
632004
632053
632116
632156
632263
632332
632449
632468
632513
632533
632589
632727
632798
632943
633103
633273
633372
633479
633548
633665
633684
633729
633749
633805
633943
634014
634159
634319
634489
634592
634600
634683
634799
634959
635129
635236
635285
635348
635400
635499
635630
635804
635929
635992
636052
636087
636142
636252
636357
636396
636492
636598
636652
636760
636843
636929
636944
636951
637011
637043
637076
637117
637232
637239
637308
637419
637519
637663
637809
637828
637877
637940
637976
638039
638099
638131
638164
638205
638320
638327
638396
638507
638607
638751
638897
638916
638965
639028
639068
639175
639244
639361
639380
639425
639445
639501
639639
639710
639855
640015
640185
640280
640343
640403
640435
640468
640509
640624
640631
640700
640811
640911
641055
641201
641220
641269
641332
641372
641479
641548
641665
641684
641729
641749
641805
641943
642014
642159
642319
642489
642588
642695
642764
642881
642900
642945
642965
643021
643159
643230
643375
643535
643705
643808
643816
643899
644015
644175
644345
644452
644501
644564
644616
644715
644846
645020
645150
645260
645366
645420
645528
645611
645707
645809
645828
645873
645893
645944
646027
646143
646283
646385
646404
646449
646469
646520
646603
646719
646869
646928
646936
647023
647183
647353
647452
647559
647628
647745
647764
647809
647829
647885
648023
648094
648239
648399
648569
648672
648680
648763
648879
649039
649209
649316
649365
649428
649480
649579
649710
649884
650019
650051
650084
650127
650271
650417
650436
650485
650548
650592
650600
650683
650799
650959
651129
651232
651240
651323
651439
651599
651769
651876
651925
651988
652040
652139
652270
652444
652584
652667
652783
652943
653113
653220
653269
653332
653384
653483
653614
653788
653933
654077
654233
654340
654400
654410
654540
654686
654860
655015
655112
655225
655360
655362
655372
655427
655444
655469
655540
655565
655645
655720
655769
655828
655860
655887
655989
656032
656039
656084
656109
656188
656265
656328
656388
656423
656473
656536
656596
656631
656686
656796
656899
656916
656941
657020
657097
657160
657220
657255
657305
657368
657428
657463
657518
657628
657732
657759
657861
657904
657911
657966
658076
658181
658220
658316
658422
658476
658584
658667
658733
658812
658889
658952
659012
659047
659097
659160
659220
659255
659310
659420
659524
659551
659653
659696
659703
659758
659868
659973
660012
660108
660214
660268
660376
660459
660535
660587
660671
660783
660909
661008
661015
661075
661107
661140
661181
661296
661303
661372
661477
661520
661527
661587
661619
661652
661693
661808
661815
661884
661995
662095
662239
662385
662404
662453
662516
662544
662548
662573
662652
662729
662792
662852
662887
662937
663000
663060
663095
663150
663260
663364
663391
663493
663536
663543
663598
663708
663813
663852
663948
664054
664108
664216
664299
664375
664427
664511
664623
664749
664848
664855
664915
664947
664980
665021
665136
665143
665212
665317
665360
665367
665427
665459
665492
665533
665648
665655
665724
665835
665935
666079
666225
666244
666293
666356
666388
666417
666429
666522
666600
666663
666723
666755
666788
666827
666911
667037
667148
667260
667365
667408
667415
667475
667507
667540
667581
667696
667703
667772
667883
667983
668127
668273
668292
668341
668404
668440
668503
668563
668595
668628
668669
668784
668791
668860
668971
669071
669215
669361
669380
669429
669492
669532
669639
669708
669825
669844
669889
669909
669965
670103
670174
670319
670479
670649
670736
670740
670765
670844
670921
670984
671044
671079
671129
671192
671252
671287
671342
671452
671556
671583
671685
671728
671735
671790
671900
672005
672044
672140
672246
672300
672408
672491
672567
672619
672703
672815
672941
673040
673047
673107
673139
673172
673213
673328
673335
673404
673509
673552
673559
673619
673651
673684
673725
673840
673847
673916
674027
674127
674271
674417
674436
674485
674548
674580
674609
674621
674714
674792
674855
674915
674947
674980
675019
675103
675229
675340
675452
675557
675600
675607
675667
675699
675732
675773
675888
675895
675964
676075
676175
676319
676465
676484
676533
676596
676632
676695
676755
676787
676820
676861
676976
676983
677052
677163
677263
677407
677553
677572
677621
677684
677724
677831
677900
678017
678036
678081
678101
678157
678295
678366
678511
678671
678841
678932
678961
678973
679066
679144
679207
679267
679299
679332
679371
679455
679581
679692
679804
679909
679952
679959
680019
680051
680084
680125
680240
680247
680316
680427
680527
680671
680817
680836
680885
680948
680984
681047
681107
681139
681172
681213
681328
681335
681404
681515
681615
681759
681905
681924
681973
682036
682076
682183
682252
682369
682388
682433
682453
682509
682647
682718
682863
683023
683193
683288
683351
683411
683443
683476
683517
683632
683639
683708
683819
683919
684063
684209
684228
684277
684340
684380
684487
684556
684673
684692
684737
684757
684813
684951
685022
685167
685327
685497
685596
685703
685772
685889
685908
685953
685973
686029
686167
686238
686383
686543
686713
686816
686824
686907
687023
687183
687353
687460
687509
687572
687624
687723
687854
688028
688148
688173
688252
688329
688392
688452
688487
688537
688600
688660
688695
688750
688860
688964
688991
689093
689136
689143
689198
689308
689413
689452
689548
689654
689708
689816
689899
689975
690027
690111
690223
690349
690448
690455
690515
690547
690580
690621
690736
690743
690812
690917
690960
690967
691027
691059
691092
691133
691248
691255
691324
691435
691535
691679
691825
691844
691893
691956
691988
692017
692029
692122
692200
692263
692323
692355
692388
692427
692511
692637
692748
692860
692965
693008
693015
693075
693107
693140
693181
693296
693303
693372
693483
693583
693727
693873
693892
693941
694004
694040
694103
694163
694195
694228
694269
694384
694391
694460
694571
694671
694815
694961
694980
695029
695092
695132
695239
695308
695425
695444
695489
695509
695565
695703
695774
695919
696079
696249
696340
696369
696381
696474
696552
696615
696675
696707
696740
696779
696863
696989
697100
697212
697317
697360
697367
697427
697459
697492
697533
697648
697655
697724
697835
697935
698079
698225
698244
698293
698356
698392
698455
698515
698547
698580
698621
698736
698743
698812
698923
699023
699167
699313
699332
699381
699444
699484
699591
699660
699777
699796
699841
699861
699917
700055
700126
700271
700431
700601
700696
700759
700819
700851
700884
700925
701040
701047
701116
701227
701327
701471
701617
701636
701685
701748
701788
701895
701964
702081
702100
702145
702165
702221
702359
702430
702575
702735
702905
703004
703111
703180
703297
703316
703361
703381
703437
703575
703646
703791
703951
704121
704224
704232
704315
704431
704591
704761
704868
704917
704980
705032
705131
705262
705436
705561
705624
705684
705719
705774
705884
705989
706028
706124
706230
706284
706392
706475
706561
706576
706583
706643
706675
706708
706749
706864
706871
706940
707051
707151
707295
707441
707460
707509
707572
707608
707671
707731
707763
707796
707837
707952
707959
708028
708139
708239
708383
708529
708548
708597
708660
708700
708807
708876
708993
709012
709057
709077
709133
709271
709342
709487
709647
709817
709912
709975
710035
710067
710100
710141
710256
710263
710332
710443
710543
710687
710833
710852
710901
710964
711004
711111
711180
711297
711316
711361
711381
711437
711575
711646
711791
711951
712121
712220
712327
712396
712513
712532
712577
712597
712653
712791
712862
713007
713167
713337
713440
713448
713531
713647
713807
713977
714084
714133
714196
714248
714347
714478
714652
714782
714892
714998
715052
715160
715243
715339
715441
