35
699999999 700000001
419999998 420000002
299999997 300000003
139999993 140000007
99999990 100000010
83999988 84000012
59999983 60000017
27999963 28000037
19999948 20000052
16799938 16800062
11999913 12000087
5599813 5600187
4101307 4101818
3999738 4000262
3359688 3360312
2399563 2400437
1366420 1367955
1119063 1120937
819033 821592
798688 801312
670438 673562
584146 587729
477813 482187
269598 277277
219313 228687
189937 200688
157663 170462
153438 166562
126588 142212
108228 126147
85063 106937
35488 73887
21363 68237
12183 65942
813 64812
3
7 8
4 6
1 5
