436
0 883 2736 5195 3172 
1 3592 812 6774 3222 
2 1602 
3 6253 2560 5159 2719 6606 2802 
4 4347 8216 1319 1567 6426 8460 
5 3838 
6 8740 8637 
7 1982 8351 3299 1649 7769 
8 8198 5393 3340 488 
9 8758 3643 2129 
10 3787 3636 9820 8738 
12 4622 
13 754 4136 5795 2638 4779 4326 6587 
14 1260 8872 5968 
15 4380 6609 7066 3883 
16 5245 5714 1611 
17 3561 
18 7846 362 2491 2111 
19 518 8514 2590 
20 5244 644 
21 1770 7791 6765 
23 1711 6918 4649 891 
24 6263 5427 
25 6467 8543 
26 4714 3650 
27 2161 6353 
28 7604 1344 8605 
29 7540 1494 
30 1142 9428 2082 
31 2212 5741 8816 
32 9856 4991 372 
33 7986 
34 4859 8738 9059 
35 8674 2418 
36 3501 2669 
37 499 2067 2125 
38 2703 5504 
39 8566 4291 2879 22 
40 9743 1827 7195 1457 
42 4224 9459 7313 6693 4251 8157 8595 
43 1123 1201 2339 
44 720 93 
45 4561 4159 161 7885 1960 5478 
46 9367 
47 3150 
48 2512 7021 4739 
49 9929 720 3005 
50 1343 3587 2033 
51 1049 9302 1590 
52 613 
53 6057 532 2676 
54 5850 6497 2773 
55 4684 
56 3287 9376 1230 1554 4913 
57 582 8163 
58 5351 5422 
59 7701 3904 
60 8937 
61 6522 765 655 
62 491 4319 
63 8793 210 4728 
64 1335 7493 6550 
65 1239 2258 
66 3059 
67 4450 2434 6154 
68 2610 5007 1164 
69 4743 4322 6547 5078 
70 8467 8538 
71 4349 676 3977 
73 1180 3751 
74 757 7606 2757 
76 2903 286 2693 625 3741 
77 6058 7223 3745 
78 2566 7122 4134 2070 4083 8410 
79 7187 6542 
80 4474 955 4970 
81 1304 5797 8311 
82 3535 
83 2342 6010 847 
84 7327 4985 4143 3340 8290 3119 
85 5152 
86 736 9350 
87 8169 810 7968 2622 
88 524 8859 1038 496 
89 2497 
91 5073 8193 
92 1179 
93 8880 1161 
94 3035 3084 2779 3660 5502 
96 6640 
97 6917 2939 
98 8305 4390 
99 3807 461 9210 
100 5754 6624 
101 634 3926 7447 
102 9248 7152 4580 8647 
104 2858 7121 1032 3376 4848 
105 4066 5280 3334 3797 360 
106 6208 6573 7233 9288 34 5332 4641 
107 5266 3664 7486 
108 8911 5407 3841 
109 1479 6636 5338 
110 7747 1686 4808 
111 169 3294 191 1195 5533 5961 
112 132 8943 8577 
113 4530 3722 8080 
114 3182 316 5621 8234 
117 8481 1336 2701 
118 7317 
119 1066 7445 7321 
120 4986 
121 2017 
122 7308 
123 304 
124 7197 5636 2417 
125 9752 6331 7233 4312 5552 
126 449 2180 3619 4888 
127 818 6914 4247 8147 146 
128 8827 4508 6043 
129 6013 
130 9887 8361 
131 3510 1567 
134 3214 
135 2514 9169 6350 9839 
137 7870 
138 8167 2379 7144 8464 3649 
139 1767 
140 400 
141 8744 6452 7215 5715 
142 8174 3057 
143 2364 673 
144 794 
145 4995 3382 2880 6739 
146 3665 5563 
147 5282 
148 423 3683 3502 
149 6420 
150 6708 7510 6033 
151 7482 5659 
152 8224 6555 
153 2816 2938 8208 6531 
155 4572 5204 8486 
156 8389 1361 2669 4774 4032 
157 9196 
158 1034 2308 4142 6840 
159 8722 
160 8858 7903 1708 809 
161 831 102 5240 2160 
162 3256 3588 
163 7118 6060 
164 3481 
165 233 3581 
166 4370 9161 
167 740 8594 
168 8993 956 
169 9755 8943 
170 8986 3152 
171 5825 9457 
172 5838 592 
173 3727 5957 8363 
174 8544 
175 8099 
176 9885 4523 
177 6599 8683 3429 4107 
178 4819 932 
179 6258 2934 1674 
180 8646 706 
181 8498 
182 7044 6628 
183 2804 
184 2549 
185 1964 
186 8163 5601 2584 
187 5430 
188 1838 
190 8098 
191 4187 
192 9015 6974 2515 3293 
193 9503 5525 5462 732 6167 2076 
194 3077 3454 
195 6144 
196 5972 
197 2687 2745 
198 2124 
200 1289 5388 747 4978 1719 
201 9933 4225 7475 7281 
202 4284 8113 
203 4841 
204 6227 
205 7567 
206 1600 812 
207 535 4851 3054 
208 6332 
209 5462 3243 8008 
210 7909 9108 
211 9366 6338 
212 6723 
216 6953 2291 
217 433 1111 
218 8957 9194 6103 8542 
220 5486 6712 8899 2062 
221 2638 3404 8915 
222 6342 3735 
223 9388 
224 1963 1893 2157 1790 
225 2830 
226 463 738 2925 
227 3227 9959 
228 5630 
229 8994 
230 7953 3484 
231 4832 6565 
232 4835 
233 2495 4147 
234 4402 2746 6635 7849 8204 
235 8216 4659 
237 5388 8294 
238 2432 
239 5929 
241 4158 2596 
242 3172 
243 8010 
244 3144 5584 
245 8808 
246 2119 
247 8785 2602 5920 
248 2483 7248 
249 2274 
250 2044 6594 
251 357 
252 7870 638 3739 2981 
253 7495 
254 72 7771 
255 1063 
256 8298 
257 9125 915 9831 
260 7718 
261 9321 
262 7484 9451 
263 6341 1972 
264 1176 1438 
265 4496 
266 7105 
267 6116 
268 6066 3602 2503 
269 1004 6563 7448 2823 
271 5428 1581 
272 7641 4251 949 
273 9502 7208 8085 
274 9466 7058 1097 6275 
276 4638 2441 5153 
277 8965 8579 7480 155 
279 838 1309 2327 
280 7063 3789 3758 
281 6952 5726 4965 
282 3947 4242 
283 8714 
284 7797 649 
285 9671 1716 
286 9725 
287 9484 3846 
288 2296 6882 1291 6269 
289 5179 
291 7792 5765 9508 
292 7817 4461 
293 970 
294 4326 
295 3693 6022 
296 9204 7425 4568 
298 4970 6389 9835 
299 8041 293 
300 2296 
301 4558 
302 2545 297 1302 
303 6345 8984 3283 
304 5520 2430 4915 
305 5533 
306 7545 3614 
307 9568 
308 3723 
311 2824 
312 4508 
313 0 9867 
315 5606 
316 8067 9993 4594 8295 7289 
319 4840 7736 8109 3746 
320 1164 3983 
321 6540 8588 
322 1431 3064 8625 4332 
323 8597 6439 
324 3537 
325 2479 6709 
327 6492 8276 3454 
328 3171 
329 3980 
332 6158 
333 7090 3594 6008 8935 
334 2469 4186 3998 
335 7409 
336 7741 7901 2658 83 6201 8280 
338 4478 7965 5447 
339 7859 6626 
340 2272 
342 4010 8851 
343 9657 2008 6480 1423 
344 4291 8781 7885 
346 741 
347 7522 3249 6042 8143 
348 9859 
349 4086 
350 8461 632 
351 7206 1740 1394 8136 9414 9776 4464 
352 578 1108 3501 
353 2987 6762 
354 5660 2000 
356 4151 
357 7086 3586 
358 6964 
359 2125 
360 2089 6195 
361 9791 5503 
362 9266 1151 
363 1540 
364 9317 
365 1902 9437 3634 
366 8609 
367 9862 
369 8464 4032 
370 5419 29 
371 3536 9106 
372 8739 
373 8138 8443 3604 8368 
374 694 
375 8032 7231 
376 550 4401 5679 366 9087 
377 8501 
378 1451 
380 2730 
381 227 1562 3404 7163 
382 9215 
383 4662 9409 4128 2013 
384 8014 4696 734 
385 5885 6231 8106 
386 7389 7232 5574 4462 
387 5429 
388 8253 457 
390 7111 4808 
391 5690 3476 
393 3785 4994 5710 996 
395 4801 8357 4387 
396 4431 6646 783 
397 5816 
398 5256 9864 6187 
399 117 
400 6594 2037 
401 8281 
402 4422 3193 4470 
403 7690 
404 1176 
405 8295 
406 3216 8471 7465 
408 1558 
410 2491 1220 
413 7075 1664 6471 3523 
414 624 
415 312 
416 1280 
417 3416 
418 4014 936 
419 4088 
420 442 
421 5155 
422 8952 
423 6665 3097 
424 6055 3381 
425 4252 
426 6611 3415 
427 4995 
428 9366 
429 6461 8399 9588 1259 
430 3525 
432 6793 
433 5208 9060 5407 
434 4195 4243 7430 
435 7685 
436 5365 
437 7807 1398 
438 7770 
439 247 
440 2925 8145 
441 2805 
442 3959 
443 3783 
444 1285 5429 6470 
445 6179 
446 1441 4821 9067 
447 2464 
449 6502 
450 6507 
451 9148 9229 8061 
452 2707 250 
453 4310 
456 7489 5359 
457 9986 
458 7567 3324 
459 5662 
460 7775 8600 
463 9655 5880 3727 5492 
464 2500 
466 9967 
467 3716 
469 9711 
470 5442 9440 3121 
471 4688 7239 8707 
472 8287 3310 3928 
473 3211 
474 5277 5734 9566 
475 6076 
476 7329 616 
477 4837 1757 
478 5677 5679 1682 
479 6880 3812 
480 7362 9305 
482 2215 
483 1047 
484 7784 9522 138 798 
485 9274 1628 
487 7627 2224 
488 3097 137 5997 9664 
489 1847 7904 
492 2796 2256 2860 
493 8517 9233 
494 174 
496 7134 
498 2730 1606 
499 7116 
