60
1 278 
2 23 13 
5 0 
7 38 
9 9 16 4253 293 
10 203 1363 
11 2 
12 61 117 
14 17 
15 22 3 
17 2 
18 0 
20 26 62 
21 6 0 
22 73 96 
23 4 
24 330 4 31 
26 28 406 
27 0 
31 5 1506 
32 31 4 281 0 
33 582 66 
34 0 
37 3140 
39 1 1854 
41 5038 
42 0 42 
45 225 8 1 
46 9 
47 12 67 
48 3684 
49 8973 
51 0 
53 6 2 
55 460 5 
56 32 
57 6169 7 
62 10 356 
63 0 45 
64 0 
66 5973 
67 25 63 3 
68 9 
71 3 2684 
74 2385 
75 762 
76 43 
80 609 41 
81 8 
82 14 
83 89 
84 40 
86 0 
88 47 
90 6 
91 4 
92 40 
97 670 
98 205 
99 7 50 
